<?xml version="1.0" encoding="UTF-8"?>
<testng-results skipped="0" failed="0" total="1" passed="1">
  <reporter-output>
  </reporter-output>
  <suite name="Default suite" duration-ms="51879" started-at="2019-12-16T06:20:23Z" finished-at="2019-12-16T06:21:15Z">
    <groups>
    </groups>
    <test name="Default test" duration-ms="51879" started-at="2019-12-16T06:20:23Z" finished-at="2019-12-16T06:21:15Z">
      <class name="com.package1.Hdfc_net">
        <test-method status="PASS" signature="launch_browser()[pri:0, instance:com.package1.Hdfc_net@2f32ff]" name="launch_browser" is-config="true" duration-ms="43369" started-at="2019-12-16T11:50:23Z" finished-at="2019-12-16T11:51:07Z">
          <reporter-output>
          </reporter-output>
        </test-method> <!-- launch_browser -->
        <test-method status="PASS" signature="login()[pri:0, instance:com.package1.Hdfc_net@2f32ff]" name="login" duration-ms="8424" started-at="2019-12-16T11:51:07Z" finished-at="2019-12-16T11:51:15Z">
          <reporter-output>
          </reporter-output>
        </test-method> <!-- login -->
      </class> <!-- com.package1.Hdfc_net -->
    </test> <!-- Default test -->
  </suite> <!-- Default suite -->
</testng-results>
